[INFO ] 2020-02-20 16:42:07.496 [http-nio-8081-exec-3] Servlet - Logger is OK
[INFO ] 2020-02-20 16:42:07.500 [http-nio-8081-exec-3] Servlet - Given action: CreateProject
[INFO ] 2020-02-20 16:54:04.229 [http-nio-8081-exec-3] Servlet - Incoming Get Request
[INFO ] 2020-02-20 16:54:04.234 [http-nio-8081-exec-3] Servlet - Given action: CreateProject
[INFO ] 2020-02-20 17:30:57.114 [http-nio-8081-exec-4] Servlet - Incoming Get Request
[INFO ] 2020-02-20 17:30:57.120 [http-nio-8081-exec-4] Servlet - Given action: null
[INFO ] 2020-02-20 17:30:57.120 [http-nio-8081-exec-4] Servlet - Didn't find action
[INFO ] 2020-02-20 17:34:16.850 [http-nio-8081-exec-6] Servlet - Incoming Get Request
[INFO ] 2020-02-20 17:34:16.857 [http-nio-8081-exec-6] Servlet - Given action: null
[INFO ] 2020-02-20 17:34:16.863 [http-nio-8081-exec-6] Servlet - Didn't find action
[INFO ] 2020-02-20 17:35:07.679 [http-nio-8081-exec-8] Servlet - Incoming Get Request
[INFO ] 2020-02-20 17:35:07.680 [http-nio-8081-exec-8] Servlet - Given action: null
[INFO ] 2020-02-20 17:35:07.680 [http-nio-8081-exec-8] Servlet - Didn't find action
[INFO ] 2020-02-20 17:35:11.389 [http-nio-8081-exec-9] Servlet - Incoming Get Request
[INFO ] 2020-02-20 17:35:11.389 [http-nio-8081-exec-9] Servlet - Given action: null
[INFO ] 2020-02-20 17:35:11.389 [http-nio-8081-exec-9] Servlet - Didn't find action
[INFO ] 2020-02-20 17:39:08.463 [http-nio-8081-exec-2] Servlet - Incoming Get Request
[INFO ] 2020-02-20 17:39:08.469 [http-nio-8081-exec-2] Servlet - Given action: Register
[INFO ] 2020-02-20 17:39:08.469 [http-nio-8081-exec-2] Servlet - Didn't find action
[INFO ] 2020-02-20 17:39:52.973 [http-nio-8081-exec-2] Servlet - Incoming Post Request
[INFO ] 2020-02-20 17:39:52.975 [http-nio-8081-exec-2] Servlet - Incoming Get Request
[INFO ] 2020-02-20 17:39:52.978 [http-nio-8081-exec-2] Servlet - Given action: Register
[INFO ] 2020-02-20 17:39:52.978 [http-nio-8081-exec-2] Servlet - Didn't find action
[INFO ] 2020-02-20 18:08:45.393 [http-nio-8081-exec-5] Servlet - Incoming Post Request
[INFO ] 2020-02-20 18:08:45.395 [http-nio-8081-exec-5] Servlet - Incoming Get Request
[INFO ] 2020-02-20 18:08:45.403 [http-nio-8081-exec-5] Servlet - Given action: Register
[INFO ] 2020-02-20 18:11:06.426 [http-nio-8081-exec-2] Servlet - Incoming Post Request
[INFO ] 2020-02-20 18:11:06.428 [http-nio-8081-exec-2] Servlet - Incoming Get Request
[INFO ] 2020-02-20 18:11:06.435 [http-nio-8081-exec-2] Servlet - Given action: Register
[INFO ] 2020-02-20 18:13:53.529 [http-nio-8081-exec-5] Servlet - Incoming Post Request
[INFO ] 2020-02-20 18:13:53.531 [http-nio-8081-exec-5] Servlet - Incoming Get Request
[INFO ] 2020-02-20 18:13:53.538 [http-nio-8081-exec-5] Servlet - Given action: Register
[INFO ] 2020-02-20 18:14:28.577 [http-nio-8081-exec-8] Servlet - Incoming Get Request
[INFO ] 2020-02-20 18:14:28.578 [http-nio-8081-exec-8] Servlet - Given action: CreateProject
[INFO ] 2020-02-21 09:24:25.606 [http-nio-8081-exec-4] Servlet - Incoming Get Request
[INFO ] 2020-02-21 10:49:06.208 [http-nio-8081-exec-4] Servlet - Incoming Get Request
[INFO ] 2020-02-21 10:49:06.216 [http-nio-8081-exec-4] Servlet - Given action: CreateProject
[INFO ] 2020-02-21 10:49:27.874 [http-nio-8081-exec-6] Servlet - Incoming Post Request
[INFO ] 2020-02-21 10:49:27.875 [http-nio-8081-exec-6] Servlet - Incoming Get Request
[INFO ] 2020-02-21 10:49:27.875 [http-nio-8081-exec-6] Servlet - Given action: DeleteUser
[INFO ] 2020-02-21 10:49:27.876 [http-nio-8081-exec-6] Servlet - Didn't find action
[INFO ] 2020-02-21 10:50:38.584 [http-nio-8081-exec-5] Servlet - Incoming Post Request
[INFO ] 2020-02-21 10:50:38.586 [http-nio-8081-exec-5] Servlet - Incoming Get Request
[INFO ] 2020-02-21 10:50:38.595 [http-nio-8081-exec-5] Servlet - Given action: DeleteProject
[INFO ] 2020-02-21 11:11:46.753 [http-nio-8081-exec-3] Servlet - Incoming Get Request
[INFO ] 2020-02-21 11:11:46.763 [http-nio-8081-exec-3] Servlet - Given action: CreateDocument
[INFO ] 2020-02-21 18:41:11.178 [http-nio-8081-exec-3] Servlet - Incoming Get Request
[INFO ] 2020-02-21 18:41:58.797 [http-nio-8081-exec-6] Servlet - Incoming Get Request
[INFO ] 2020-02-21 18:42:39.120 [http-nio-8081-exec-2] Servlet - Incoming Get Request
[INFO ] 2020-02-21 18:42:39.130 [http-nio-8081-exec-2] Servlet - Given action: CreateProject
[INFO ] 2020-02-21 18:43:27.537 [http-nio-8081-exec-2] Servlet - Incoming Get Request
[INFO ] 2020-02-21 18:44:14.431 [http-nio-8081-exec-2] Servlet - Incoming Get Request
[INFO ] 2020-02-21 18:44:18.158 [http-nio-8081-exec-2] Servlet - Given action: CreateProject
[INFO ] 2020-02-21 18:44:46.618 [http-nio-8081-exec-6] Servlet - Incoming Post Request
[INFO ] 2020-02-21 18:44:46.618 [http-nio-8081-exec-6] Servlet - Incoming Get Request
[INFO ] 2020-02-21 18:44:46.741 [http-nio-8081-exec-6] Servlet - Given action: DeleteDocument
[INFO ] 2020-02-21 18:44:46.741 [http-nio-8081-exec-6] Servlet - Didn't find action
[INFO ] 2020-02-21 18:44:58.319 [http-nio-8081-exec-7] Servlet - Incoming Post Request
[INFO ] 2020-02-21 18:44:58.319 [http-nio-8081-exec-7] Servlet - Incoming Get Request
[INFO ] 2020-02-21 18:44:58.428 [http-nio-8081-exec-7] Servlet - Given action: DeleteDocument
[INFO ] 2020-02-21 18:44:58.428 [http-nio-8081-exec-7] Servlet - Didn't find action
[INFO ] 2020-02-21 18:46:01.977 [http-nio-8081-exec-2] Servlet - Incoming Post Request
[INFO ] 2020-02-21 18:46:01.979 [http-nio-8081-exec-2] Servlet - Incoming Get Request
[INFO ] 2020-02-21 18:46:05.758 [http-nio-8081-exec-2] Servlet - Given action: DeleteProject
[INFO ] 2020-02-21 18:46:15.206 [http-nio-8081-exec-4] Servlet - Incoming Post Request
[INFO ] 2020-02-21 18:46:15.206 [http-nio-8081-exec-4] Servlet - Incoming Get Request
[INFO ] 2020-02-21 18:46:27.918 [http-nio-8081-exec-6] Servlet - Incoming Post Request
[INFO ] 2020-02-21 18:46:27.918 [http-nio-8081-exec-6] Servlet - Incoming Get Request
[INFO ] 2020-02-21 18:46:47.361 [http-nio-8081-exec-2] Servlet - Incoming Post Request
[INFO ] 2020-02-21 18:46:47.363 [http-nio-8081-exec-2] Servlet - Incoming Get Request
[INFO ] 2020-02-21 18:47:28.970 [http-nio-8081-exec-3] Servlet - Incoming Post Request
[INFO ] 2020-02-21 18:47:28.972 [http-nio-8081-exec-3] Servlet - Incoming Get Request
[INFO ] 2020-02-21 18:47:28.981 [http-nio-8081-exec-3] Servlet - Given action: DeleteProject
[INFO ] 2020-02-21 19:10:58.517 [http-nio-8081-exec-3] Servlet - Incoming Get Request
[INFO ] 2020-02-21 19:10:58.527 [http-nio-8081-exec-3] Servlet - Given action: CreateProject
[INFO ] 2020-02-21 19:11:19.828 [http-nio-8081-exec-6] Servlet - Incoming Post Request
[INFO ] 2020-02-21 19:11:19.829 [http-nio-8081-exec-6] Servlet - Incoming Get Request
[INFO ] 2020-02-21 19:11:19.829 [http-nio-8081-exec-6] Servlet - Given action: UpdateProject
[INFO ] 2020-02-21 19:16:36.745 [http-nio-8081-exec-3] Servlet - Incoming Post Request
[INFO ] 2020-02-21 19:16:36.747 [http-nio-8081-exec-3] Servlet - Incoming Get Request
[INFO ] 2020-02-21 19:16:36.758 [http-nio-8081-exec-3] Servlet - Given action: DeleteProject
[INFO ] 2020-02-21 19:16:48.700 [http-nio-8081-exec-4] Servlet - Incoming Get Request
[INFO ] 2020-02-21 19:16:48.701 [http-nio-8081-exec-4] Servlet - Given action: CreateProject
[INFO ] 2020-02-21 19:17:16.558 [http-nio-8081-exec-7] Servlet - Incoming Post Request
[INFO ] 2020-02-21 19:17:16.558 [http-nio-8081-exec-7] Servlet - Incoming Get Request
[INFO ] 2020-02-21 19:17:16.558 [http-nio-8081-exec-7] Servlet - Given action: UpdateProject
[INFO ] 2020-02-21 19:18:06.364 [http-nio-8081-exec-10] Servlet - Incoming Post Request
[INFO ] 2020-02-21 19:18:06.364 [http-nio-8081-exec-10] Servlet - Incoming Get Request
[INFO ] 2020-02-21 19:18:06.365 [http-nio-8081-exec-10] Servlet - Given action: UpdateProject
[INFO ] 2020-02-21 19:19:06.954 [http-nio-8081-exec-4] Servlet - Incoming Post Request
[INFO ] 2020-02-21 19:19:06.956 [http-nio-8081-exec-4] Servlet - Incoming Get Request
[INFO ] 2020-02-21 19:19:06.967 [http-nio-8081-exec-4] Servlet - Given action: UpdateProject
[INFO ] 2020-02-21 19:19:34.628 [http-nio-8081-exec-6] Servlet - Incoming Post Request
[INFO ] 2020-02-21 19:19:34.629 [http-nio-8081-exec-6] Servlet - Incoming Get Request
[INFO ] 2020-02-21 19:19:34.629 [http-nio-8081-exec-6] Servlet - Given action: UpdateProject
[INFO ] 2020-02-21 19:19:48.828 [http-nio-8081-exec-7] Servlet - Incoming Post Request
[INFO ] 2020-02-21 19:19:48.828 [http-nio-8081-exec-7] Servlet - Incoming Get Request
[INFO ] 2020-02-21 19:19:48.828 [http-nio-8081-exec-7] Servlet - Given action: UpdateProject
[INFO ] 2020-02-21 19:20:11.093 [http-nio-8081-exec-9] Servlet - Incoming Post Request
[INFO ] 2020-02-21 19:20:11.093 [http-nio-8081-exec-9] Servlet - Incoming Get Request
[INFO ] 2020-02-21 19:20:11.093 [http-nio-8081-exec-9] Servlet - Given action: UpdateProject
[INFO ] 2020-02-21 19:21:00.125 [http-nio-8081-exec-3] Servlet - Incoming Post Request
[INFO ] 2020-02-21 19:21:00.127 [http-nio-8081-exec-3] Servlet - Incoming Get Request
[INFO ] 2020-02-21 19:21:00.137 [http-nio-8081-exec-3] Servlet - Given action: UpdateProject
[INFO ] 2020-02-21 19:26:55.394 [http-nio-8081-exec-3] Servlet - Incoming Post Request
[INFO ] 2020-02-21 19:26:55.396 [http-nio-8081-exec-3] Servlet - Incoming Get Request
[INFO ] 2020-02-21 19:26:55.406 [http-nio-8081-exec-3] Servlet - Given action: DeleteProject
[INFO ] 2020-02-21 19:27:12.540 [http-nio-8081-exec-6] Servlet - Incoming Get Request
[INFO ] 2020-02-21 19:27:12.541 [http-nio-8081-exec-6] Servlet - Given action: CreateProject
[INFO ] 2020-02-21 19:27:59.556 [http-nio-8081-exec-3] Servlet - Incoming Post Request
[INFO ] 2020-02-21 19:27:59.558 [http-nio-8081-exec-3] Servlet - Incoming Get Request
[INFO ] 2020-02-21 19:27:59.567 [http-nio-8081-exec-3] Servlet - Given action: UpdateProject
[INFO ] 2020-02-21 19:28:24.781 [http-nio-8081-exec-6] Servlet - Incoming Post Request
[INFO ] 2020-02-21 19:28:24.782 [http-nio-8081-exec-6] Servlet - Incoming Get Request
[INFO ] 2020-02-21 19:28:24.782 [http-nio-8081-exec-6] Servlet - Given action: UpdateProject
[INFO ] 2020-02-21 19:28:40.980 [http-nio-8081-exec-8] Servlet - Incoming Post Request
[INFO ] 2020-02-21 19:28:40.980 [http-nio-8081-exec-8] Servlet - Incoming Get Request
[INFO ] 2020-02-21 19:28:40.980 [http-nio-8081-exec-8] Servlet - Given action: UpdateProject
[INFO ] 2020-02-21 19:29:01.908 [http-nio-8081-exec-10] Servlet - Incoming Post Request
[INFO ] 2020-02-21 19:29:01.909 [http-nio-8081-exec-10] Servlet - Incoming Get Request
[INFO ] 2020-02-21 19:29:01.909 [http-nio-8081-exec-10] Servlet - Given action: UpdateProject
[INFO ] 2020-02-21 19:39:40.317 [http-nio-8081-exec-3] Servlet - Incoming Post Request
[INFO ] 2020-02-21 19:39:40.319 [http-nio-8081-exec-3] Servlet - Incoming Get Request
[INFO ] 2020-02-21 19:39:40.329 [http-nio-8081-exec-3] Servlet - Given action: UpdateProject
[INFO ] 2020-02-21 19:39:56.363 [http-nio-8081-exec-5] Servlet - Incoming Post Request
[INFO ] 2020-02-21 19:39:56.364 [http-nio-8081-exec-5] Servlet - Incoming Get Request
[INFO ] 2020-02-21 19:39:56.364 [http-nio-8081-exec-5] Servlet - Given action: UpdateProject
[INFO ] 2020-02-21 19:40:08.260 [http-nio-8081-exec-6] Servlet - Incoming Post Request
[INFO ] 2020-02-21 19:40:08.260 [http-nio-8081-exec-6] Servlet - Incoming Get Request
[INFO ] 2020-02-21 19:40:08.261 [http-nio-8081-exec-6] Servlet - Given action: UpdateProject
[INFO ] 2020-02-21 20:12:22.222 [http-nio-8081-exec-5] Servlet - Incoming Post Request
[INFO ] 2020-02-21 20:12:22.225 [http-nio-8081-exec-5] Servlet - Incoming Get Request
[INFO ] 2020-02-21 20:12:22.254 [http-nio-8081-exec-5] Servlet - Given action: UpdateProject
[INFO ] 2020-02-21 20:12:45.684 [http-nio-8081-exec-7] Servlet - Incoming Post Request
[INFO ] 2020-02-21 20:12:45.685 [http-nio-8081-exec-7] Servlet - Incoming Get Request
[INFO ] 2020-02-21 20:12:45.685 [http-nio-8081-exec-7] Servlet - Given action: UpdateProject
[INFO ] 2020-02-21 20:13:13.462 [http-nio-8081-exec-9] Servlet - Incoming Post Request
[INFO ] 2020-02-21 20:13:13.462 [http-nio-8081-exec-9] Servlet - Incoming Get Request
[INFO ] 2020-02-21 20:13:13.462 [http-nio-8081-exec-9] Servlet - Given action: UpdateProject
[INFO ] 2020-02-21 21:19:43.609 [http-nio-8081-exec-3] Servlet - Incoming Get Request
[INFO ] 2020-02-21 21:19:43.623 [http-nio-8081-exec-3] Servlet - Given action: Redirect
[INFO ] 2020-02-21 21:19:50.056 [http-nio-8081-exec-5] Servlet - Incoming Get Request
[INFO ] 2020-02-21 21:19:50.057 [http-nio-8081-exec-5] Servlet - Given action: Redirect
[INFO ] 2020-02-21 21:19:57.721 [http-nio-8081-exec-7] Servlet - Incoming Get Request
[INFO ] 2020-02-21 21:19:57.721 [http-nio-8081-exec-7] Servlet - Given action: Redirect
[INFO ] 2020-02-21 21:20:42.894 [http-nio-8081-exec-4] Servlet - Incoming Get Request
[INFO ] 2020-02-21 21:20:42.905 [http-nio-8081-exec-4] Servlet - Given action: Redirect
[INFO ] 2020-02-21 21:21:07.574 [http-nio-8081-exec-3] Servlet - Incoming Get Request
[INFO ] 2020-02-21 21:21:07.588 [http-nio-8081-exec-3] Servlet - Given action: Redirect
[INFO ] 2020-02-21 21:21:13.153 [http-nio-8081-exec-5] Servlet - Incoming Get Request
[INFO ] 2020-02-21 21:21:13.154 [http-nio-8081-exec-5] Servlet - Given action: Redirect
[INFO ] 2020-02-21 21:21:14.385 [http-nio-8081-exec-7] Servlet - Incoming Get Request
[INFO ] 2020-02-21 21:21:14.385 [http-nio-8081-exec-7] Servlet - Given action: Redirect
[INFO ] 2020-02-21 21:21:15.433 [http-nio-8081-exec-9] Servlet - Incoming Get Request
[INFO ] 2020-02-21 21:21:15.433 [http-nio-8081-exec-9] Servlet - Given action: Redirect
[INFO ] 2020-02-22 08:39:56.406 [http-nio-8081-exec-4] Servlet - Incoming Get Request
[INFO ] 2020-02-22 08:39:56.418 [http-nio-8081-exec-4] Servlet - Given action: Redirect
[INFO ] 2020-02-22 08:40:01.859 [http-nio-8081-exec-6] Servlet - Incoming Get Request
[INFO ] 2020-02-22 08:40:01.860 [http-nio-8081-exec-6] Servlet - Given action: Redirect
[INFO ] 2020-02-22 08:40:41.819 [http-nio-8081-exec-3] Servlet - Incoming Get Request
[INFO ] 2020-02-22 08:40:41.831 [http-nio-8081-exec-3] Servlet - Given action: Redirect
[INFO ] 2020-02-22 08:41:05.175 [http-nio-8081-exec-8] Servlet - Incoming Post Request
[INFO ] 2020-02-22 08:41:05.175 [http-nio-8081-exec-8] Servlet - Incoming Get Request
[INFO ] 2020-02-22 08:41:05.176 [http-nio-8081-exec-8] Servlet - Given action: Register
[INFO ] 2020-02-22 08:41:58.862 [http-nio-8081-exec-3] Servlet - Incoming Get Request
[INFO ] 2020-02-22 08:41:58.875 [http-nio-8081-exec-3] Servlet - Given action: Redirect
[INFO ] 2020-02-22 08:42:10.008 [http-nio-8081-exec-7] Servlet - Incoming Post Request
[INFO ] 2020-02-22 08:42:10.008 [http-nio-8081-exec-7] Servlet - Incoming Get Request
[INFO ] 2020-02-22 08:42:10.009 [http-nio-8081-exec-7] Servlet - Given action: Register
[INFO ] 2020-02-22 08:50:42.022 [http-nio-8081-exec-3] Servlet - Incoming Get Request
[INFO ] 2020-02-22 08:50:42.033 [http-nio-8081-exec-3] Servlet - Given action: Redirect
[INFO ] 2020-02-22 08:50:44.491 [http-nio-8081-exec-5] Servlet - Incoming Get Request
[INFO ] 2020-02-22 08:50:44.492 [http-nio-8081-exec-5] Servlet - Given action: Redirect
[INFO ] 2020-02-22 08:50:47.236 [http-nio-8081-exec-8] Servlet - Incoming Get Request
[INFO ] 2020-02-22 08:50:47.237 [http-nio-8081-exec-8] Servlet - Given action: Redirect
[INFO ] 2020-02-22 08:51:20.234 [http-nio-8081-exec-5] Servlet - Incoming Get Request
[INFO ] 2020-02-22 08:51:20.245 [http-nio-8081-exec-5] Servlet - Given action: Redirect
[INFO ] 2020-02-22 08:51:22.652 [http-nio-8081-exec-7] Servlet - Incoming Get Request
[INFO ] 2020-02-22 08:51:22.652 [http-nio-8081-exec-7] Servlet - Given action: Redirect
[INFO ] 2020-02-22 08:51:23.867 [http-nio-8081-exec-9] Servlet - Incoming Get Request
[INFO ] 2020-02-22 08:51:23.867 [http-nio-8081-exec-9] Servlet - Given action: Redirect
[INFO ] 2020-02-22 08:51:25.299 [http-nio-8081-exec-1] Servlet - Incoming Get Request
[INFO ] 2020-02-22 08:51:25.299 [http-nio-8081-exec-1] Servlet - Given action: Redirect
[INFO ] 2020-02-22 08:51:26.420 [http-nio-8081-exec-2] Servlet - Incoming Get Request
[INFO ] 2020-02-22 08:51:26.420 [http-nio-8081-exec-2] Servlet - Given action: Redirect
[INFO ] 2020-02-22 08:51:27.204 [http-nio-8081-exec-5] Servlet - Incoming Get Request
[INFO ] 2020-02-22 08:51:27.204 [http-nio-8081-exec-5] Servlet - Given action: Redirect
[INFO ] 2020-02-22 08:51:28.673 [http-nio-8081-exec-6] Servlet - Incoming Get Request
[INFO ] 2020-02-22 08:51:28.673 [http-nio-8081-exec-6] Servlet - Given action: Redirect
[INFO ] 2020-02-22 08:51:31.813 [http-nio-8081-exec-8] Servlet - Incoming Get Request
[INFO ] 2020-02-22 08:51:31.813 [http-nio-8081-exec-8] Servlet - Given action: Redirect
[INFO ] 2020-02-22 08:52:05.178 [http-nio-8081-exec-3] Servlet - Incoming Get Request
[INFO ] 2020-02-22 08:52:05.189 [http-nio-8081-exec-3] Servlet - Given action: Redirect
[INFO ] 2020-02-22 08:52:06.467 [http-nio-8081-exec-5] Servlet - Incoming Get Request
[INFO ] 2020-02-22 08:52:06.468 [http-nio-8081-exec-5] Servlet - Given action: Redirect
[INFO ] 2020-02-22 08:52:07.404 [http-nio-8081-exec-7] Servlet - Incoming Get Request
[INFO ] 2020-02-22 08:52:07.404 [http-nio-8081-exec-7] Servlet - Given action: Redirect
[INFO ] 2020-02-22 08:52:08.332 [http-nio-8081-exec-9] Servlet - Incoming Get Request
[INFO ] 2020-02-22 08:52:08.332 [http-nio-8081-exec-9] Servlet - Given action: Redirect
[INFO ] 2020-02-22 08:52:09.155 [http-nio-8081-exec-10] Servlet - Incoming Get Request
[INFO ] 2020-02-22 08:52:09.155 [http-nio-8081-exec-10] Servlet - Given action: Redirect
[INFO ] 2020-02-22 08:52:09.836 [http-nio-8081-exec-2] Servlet - Incoming Get Request
[INFO ] 2020-02-22 08:52:09.836 [http-nio-8081-exec-2] Servlet - Given action: Redirect
[INFO ] 2020-02-22 08:52:10.691 [http-nio-8081-exec-3] Servlet - Incoming Get Request
[INFO ] 2020-02-22 08:52:10.691 [http-nio-8081-exec-3] Servlet - Given action: Redirect
[INFO ] 2020-02-22 08:52:11.315 [http-nio-8081-exec-5] Servlet - Incoming Get Request
[INFO ] 2020-02-22 08:52:11.316 [http-nio-8081-exec-5] Servlet - Given action: Redirect
[INFO ] 2020-02-22 08:52:11.939 [http-nio-8081-exec-6] Servlet - Incoming Get Request
[INFO ] 2020-02-22 08:52:11.939 [http-nio-8081-exec-6] Servlet - Given action: Redirect
[INFO ] 2020-02-22 08:52:12.595 [http-nio-8081-exec-8] Servlet - Incoming Get Request
[INFO ] 2020-02-22 08:52:12.595 [http-nio-8081-exec-8] Servlet - Given action: Redirect
[INFO ] 2020-02-22 08:52:17.028 [http-nio-8081-exec-9] Servlet - Incoming Get Request
[INFO ] 2020-02-22 08:52:17.028 [http-nio-8081-exec-9] Servlet - Given action: Redirect
[INFO ] 2020-02-22 08:52:18.500 [http-nio-8081-exec-10] Servlet - Incoming Get Request
[INFO ] 2020-02-22 08:52:18.500 [http-nio-8081-exec-10] Servlet - Given action: Redirect
[INFO ] 2020-02-22 08:54:55.706 [http-nio-8081-exec-4] Servlet - Incoming Get Request
[INFO ] 2020-02-22 08:54:55.717 [http-nio-8081-exec-4] Servlet - Given action: Redirect
[INFO ] 2020-02-22 08:54:57.715 [http-nio-8081-exec-6] Servlet - Incoming Get Request
[INFO ] 2020-02-22 08:54:57.715 [http-nio-8081-exec-6] Servlet - Given action: Redirect
[INFO ] 2020-02-22 08:54:58.995 [http-nio-8081-exec-8] Servlet - Incoming Get Request
[INFO ] 2020-02-22 08:54:58.995 [http-nio-8081-exec-8] Servlet - Given action: Redirect
[INFO ] 2020-02-22 08:54:59.946 [http-nio-8081-exec-9] Servlet - Incoming Get Request
[INFO ] 2020-02-22 08:54:59.947 [http-nio-8081-exec-9] Servlet - Given action: Redirect
[INFO ] 2020-02-22 08:55:01.523 [http-nio-8081-exec-10] Servlet - Incoming Get Request
[INFO ] 2020-02-22 08:55:01.523 [http-nio-8081-exec-10] Servlet - Given action: Redirect
[INFO ] 2020-02-22 08:55:03.418 [http-nio-8081-exec-1] Servlet - Incoming Get Request
[INFO ] 2020-02-22 08:55:03.419 [http-nio-8081-exec-1] Servlet - Given action: Redirect
[INFO ] 2020-02-22 08:55:04.083 [http-nio-8081-exec-3] Servlet - Incoming Get Request
[INFO ] 2020-02-22 08:55:04.084 [http-nio-8081-exec-3] Servlet - Given action: Redirect
[INFO ] 2020-02-22 08:55:55.032 [http-nio-8081-exec-3] Servlet - Incoming Get Request
[INFO ] 2020-02-22 08:55:55.044 [http-nio-8081-exec-3] Servlet - Given action: Redirect
[INFO ] 2020-02-22 08:55:55.979 [http-nio-8081-exec-5] Servlet - Incoming Get Request
[INFO ] 2020-02-22 08:55:55.980 [http-nio-8081-exec-5] Servlet - Given action: Redirect
[INFO ] 2020-02-22 08:55:56.723 [http-nio-8081-exec-7] Servlet - Incoming Get Request
[INFO ] 2020-02-22 08:55:56.723 [http-nio-8081-exec-7] Servlet - Given action: Redirect
[INFO ] 2020-02-22 08:55:57.299 [http-nio-8081-exec-8] Servlet - Incoming Get Request
[INFO ] 2020-02-22 08:55:57.299 [http-nio-8081-exec-8] Servlet - Given action: Redirect
[INFO ] 2020-02-22 08:55:57.836 [http-nio-8081-exec-9] Servlet - Incoming Get Request
[INFO ] 2020-02-22 08:55:57.836 [http-nio-8081-exec-9] Servlet - Given action: Redirect
[INFO ] 2020-02-22 08:55:58.290 [http-nio-8081-exec-10] Servlet - Incoming Get Request
[INFO ] 2020-02-22 08:55:58.291 [http-nio-8081-exec-10] Servlet - Given action: Redirect
[INFO ] 2020-02-22 08:55:58.915 [http-nio-8081-exec-1] Servlet - Incoming Get Request
[INFO ] 2020-02-22 08:55:58.915 [http-nio-8081-exec-1] Servlet - Given action: Redirect
[INFO ] 2020-02-22 08:55:59.379 [http-nio-8081-exec-2] Servlet - Incoming Get Request
[INFO ] 2020-02-22 08:55:59.379 [http-nio-8081-exec-2] Servlet - Given action: Redirect
[INFO ] 2020-02-22 08:55:59.898 [http-nio-8081-exec-3] Servlet - Incoming Get Request
[INFO ] 2020-02-22 08:55:59.899 [http-nio-8081-exec-3] Servlet - Given action: Redirect
[INFO ] 2020-02-22 08:56:00.442 [http-nio-8081-exec-4] Servlet - Incoming Get Request
[INFO ] 2020-02-22 08:56:00.442 [http-nio-8081-exec-4] Servlet - Given action: Redirect
[INFO ] 2020-02-22 08:56:00.867 [http-nio-8081-exec-5] Servlet - Incoming Get Request
[INFO ] 2020-02-22 08:56:00.867 [http-nio-8081-exec-5] Servlet - Given action: Redirect
[INFO ] 2020-02-22 08:56:02.122 [http-nio-8081-exec-6] Servlet - Incoming Get Request
[INFO ] 2020-02-22 08:56:02.123 [http-nio-8081-exec-6] Servlet - Given action: Redirect
[INFO ] 2020-02-22 08:56:02.746 [http-nio-8081-exec-7] Servlet - Incoming Get Request
[INFO ] 2020-02-22 08:56:02.746 [http-nio-8081-exec-7] Servlet - Given action: Redirect
[INFO ] 2020-02-22 08:56:03.259 [http-nio-8081-exec-9] Servlet - Incoming Get Request
[INFO ] 2020-02-22 08:56:03.259 [http-nio-8081-exec-9] Servlet - Given action: Redirect
[INFO ] 2020-02-22 08:56:56.407 [http-nio-8081-exec-3] Servlet - Incoming Get Request
[INFO ] 2020-02-22 08:56:56.417 [http-nio-8081-exec-3] Servlet - Given action: Redirect
[INFO ] 2020-02-22 08:56:57.186 [http-nio-8081-exec-5] Servlet - Incoming Get Request
[INFO ] 2020-02-22 08:56:57.187 [http-nio-8081-exec-5] Servlet - Given action: Redirect
[INFO ] 2020-02-22 08:56:57.931 [http-nio-8081-exec-7] Servlet - Incoming Get Request
[INFO ] 2020-02-22 08:56:57.931 [http-nio-8081-exec-7] Servlet - Given action: Redirect
[INFO ] 2020-02-22 08:56:58.587 [http-nio-8081-exec-9] Servlet - Incoming Get Request
[INFO ] 2020-02-22 08:56:58.587 [http-nio-8081-exec-9] Servlet - Given action: Redirect
[INFO ] 2020-02-22 08:56:59.083 [http-nio-8081-exec-10] Servlet - Incoming Get Request
[INFO ] 2020-02-22 08:56:59.083 [http-nio-8081-exec-10] Servlet - Given action: Redirect
[INFO ] 2020-02-22 08:57:00.012 [http-nio-8081-exec-2] Servlet - Incoming Get Request
[INFO ] 2020-02-22 08:57:00.012 [http-nio-8081-exec-2] Servlet - Given action: Redirect
[INFO ] 2020-02-22 08:57:00.579 [http-nio-8081-exec-3] Servlet - Incoming Get Request
[INFO ] 2020-02-22 08:57:00.580 [http-nio-8081-exec-3] Servlet - Given action: Redirect
[INFO ] 2020-02-22 08:57:01.186 [http-nio-8081-exec-4] Servlet - Incoming Get Request
[INFO ] 2020-02-22 08:57:01.186 [http-nio-8081-exec-4] Servlet - Given action: Redirect
[INFO ] 2020-02-22 08:57:01.650 [http-nio-8081-exec-5] Servlet - Incoming Get Request
[INFO ] 2020-02-22 08:57:01.651 [http-nio-8081-exec-5] Servlet - Given action: Redirect
[INFO ] 2020-02-22 08:57:02.299 [http-nio-8081-exec-6] Servlet - Incoming Get Request
[INFO ] 2020-02-22 08:57:02.300 [http-nio-8081-exec-6] Servlet - Given action: Redirect
[INFO ] 2020-02-22 08:57:02.875 [http-nio-8081-exec-7] Servlet - Incoming Get Request
[INFO ] 2020-02-22 08:57:02.875 [http-nio-8081-exec-7] Servlet - Given action: Redirect
[INFO ] 2020-02-22 08:57:03.587 [http-nio-8081-exec-9] Servlet - Incoming Get Request
[INFO ] 2020-02-22 08:57:03.587 [http-nio-8081-exec-9] Servlet - Given action: Redirect
[INFO ] 2020-02-22 08:57:04.115 [http-nio-8081-exec-10] Servlet - Incoming Get Request
[INFO ] 2020-02-22 08:57:04.115 [http-nio-8081-exec-10] Servlet - Given action: Redirect
[INFO ] 2020-02-22 08:57:05.595 [http-nio-8081-exec-3] Servlet - Incoming Get Request
[INFO ] 2020-02-22 08:57:05.596 [http-nio-8081-exec-3] Servlet - Given action: Redirect
[INFO ] 2020-02-22 14:57:13.103 [http-nio-8081-exec-3] Servlet - Incoming Get Request
[INFO ] 2020-02-22 14:57:13.127 [http-nio-8081-exec-3] Servlet - Given action: Redirect
[INFO ] 2020-02-22 14:57:56.036 [http-nio-8081-exec-6] Servlet - Incoming Get Request
[INFO ] 2020-02-22 14:57:56.037 [http-nio-8081-exec-6] Servlet - Given action: Redirect
[INFO ] 2020-02-22 14:58:01.358 [http-nio-8081-exec-7] Servlet - Incoming Get Request
[INFO ] 2020-02-22 14:58:01.358 [http-nio-8081-exec-7] Servlet - Given action: Redirect
[INFO ] 2020-02-22 14:58:04.223 [http-nio-8081-exec-8] Servlet - Incoming Get Request
[INFO ] 2020-02-22 14:58:04.223 [http-nio-8081-exec-8] Servlet - Given action: Redirect
[INFO ] 2020-02-22 14:58:05.072 [http-nio-8081-exec-9] Servlet - Incoming Get Request
[INFO ] 2020-02-22 14:58:05.072 [http-nio-8081-exec-9] Servlet - Given action: Redirect
[INFO ] 2020-02-22 14:58:05.901 [http-nio-8081-exec-10] Servlet - Incoming Get Request
[INFO ] 2020-02-22 14:58:05.901 [http-nio-8081-exec-10] Servlet - Given action: Redirect
[INFO ] 2020-02-22 14:58:24.265 [http-nio-8081-exec-3] Servlet - Incoming Get Request
[INFO ] 2020-02-22 14:58:24.277 [http-nio-8081-exec-3] Servlet - Given action: Redirect
[INFO ] 2020-02-22 14:58:25.620 [http-nio-8081-exec-5] Servlet - Incoming Get Request
[INFO ] 2020-02-22 14:58:25.621 [http-nio-8081-exec-5] Servlet - Given action: Redirect
[INFO ] 2020-02-22 14:58:26.652 [http-nio-8081-exec-7] Servlet - Incoming Get Request
[INFO ] 2020-02-22 14:58:26.653 [http-nio-8081-exec-7] Servlet - Given action: Redirect
[INFO ] 2020-02-22 14:58:32.724 [http-nio-8081-exec-10] Servlet - Incoming Get Request
[INFO ] 2020-02-22 14:58:32.725 [http-nio-8081-exec-10] Servlet - Given action: Redirect
[INFO ] 2020-02-22 14:59:28.529 [http-nio-8081-exec-4] Servlet - Incoming Get Request
[INFO ] 2020-02-22 14:59:28.541 [http-nio-8081-exec-4] Servlet - Given action: Redirect
[INFO ] 2020-02-22 14:59:30.685 [http-nio-8081-exec-6] Servlet - Incoming Get Request
[INFO ] 2020-02-22 14:59:30.686 [http-nio-8081-exec-6] Servlet - Given action: Redirect
[INFO ] 2020-02-22 14:59:32.492 [http-nio-8081-exec-8] Servlet - Incoming Get Request
[INFO ] 2020-02-22 14:59:32.493 [http-nio-8081-exec-8] Servlet - Given action: Redirect
[INFO ] 2020-02-22 14:59:33.444 [http-nio-8081-exec-9] Servlet - Incoming Get Request
[INFO ] 2020-02-22 14:59:33.445 [http-nio-8081-exec-9] Servlet - Given action: Redirect
[INFO ] 2020-02-22 14:59:34.284 [http-nio-8081-exec-10] Servlet - Incoming Get Request
[INFO ] 2020-02-22 14:59:34.285 [http-nio-8081-exec-10] Servlet - Given action: Redirect
[INFO ] 2020-02-22 14:59:34.926 [http-nio-8081-exec-1] Servlet - Incoming Get Request
[INFO ] 2020-02-22 14:59:34.927 [http-nio-8081-exec-1] Servlet - Given action: Redirect
[INFO ] 2020-02-22 14:59:35.525 [http-nio-8081-exec-3] Servlet - Incoming Get Request
[INFO ] 2020-02-22 14:59:35.525 [http-nio-8081-exec-3] Servlet - Given action: Redirect
[INFO ] 2020-02-22 14:59:37.085 [http-nio-8081-exec-6] Servlet - Incoming Get Request
[INFO ] 2020-02-22 14:59:37.085 [http-nio-8081-exec-6] Servlet - Given action: Redirect
[INFO ] 2020-02-22 14:59:37.877 [http-nio-8081-exec-8] Servlet - Incoming Get Request
[INFO ] 2020-02-22 14:59:37.877 [http-nio-8081-exec-8] Servlet - Given action: Redirect
[INFO ] 2020-02-22 14:59:38.500 [http-nio-8081-exec-9] Servlet - Incoming Get Request
[INFO ] 2020-02-22 14:59:38.500 [http-nio-8081-exec-9] Servlet - Given action: Redirect
[INFO ] 2020-02-22 14:59:39.220 [http-nio-8081-exec-10] Servlet - Incoming Get Request
[INFO ] 2020-02-22 14:59:39.220 [http-nio-8081-exec-10] Servlet - Given action: Redirect
[INFO ] 2020-02-22 14:59:40.189 [http-nio-8081-exec-1] Servlet - Incoming Get Request
[INFO ] 2020-02-22 14:59:40.189 [http-nio-8081-exec-1] Servlet - Given action: Redirect
[INFO ] 2020-02-22 14:59:40.853 [http-nio-8081-exec-2] Servlet - Incoming Get Request
[INFO ] 2020-02-22 14:59:40.853 [http-nio-8081-exec-2] Servlet - Given action: Redirect
[INFO ] 2020-02-22 14:59:43.468 [http-nio-8081-exec-4] Servlet - Incoming Get Request
[INFO ] 2020-02-22 14:59:43.469 [http-nio-8081-exec-4] Servlet - Given action: Redirect
[INFO ] 2020-02-22 14:59:44.548 [http-nio-8081-exec-5] Servlet - Incoming Get Request
[INFO ] 2020-02-22 14:59:44.548 [http-nio-8081-exec-5] Servlet - Given action: Redirect
[INFO ] 2020-02-22 14:59:45.428 [http-nio-8081-exec-6] Servlet - Incoming Get Request
[INFO ] 2020-02-22 14:59:45.428 [http-nio-8081-exec-6] Servlet - Given action: Redirect
[INFO ] 2020-02-22 14:59:48.804 [http-nio-8081-exec-7] Servlet - Incoming Get Request
[INFO ] 2020-02-22 14:59:48.805 [http-nio-8081-exec-7] Servlet - Given action: Redirect
[INFO ] 2020-02-22 14:59:49.829 [http-nio-8081-exec-8] Servlet - Incoming Get Request
[INFO ] 2020-02-22 14:59:49.829 [http-nio-8081-exec-8] Servlet - Given action: Redirect
[INFO ] 2020-02-22 14:59:50.724 [http-nio-8081-exec-10] Servlet - Incoming Get Request
[INFO ] 2020-02-22 14:59:50.724 [http-nio-8081-exec-10] Servlet - Given action: Redirect
[INFO ] 2020-02-22 14:59:51.580 [http-nio-8081-exec-1] Servlet - Incoming Get Request
[INFO ] 2020-02-22 14:59:51.580 [http-nio-8081-exec-1] Servlet - Given action: Redirect
[INFO ] 2020-02-22 14:59:52.300 [http-nio-8081-exec-2] Servlet - Incoming Get Request
[INFO ] 2020-02-22 14:59:52.300 [http-nio-8081-exec-2] Servlet - Given action: Redirect
[INFO ] 2020-02-22 14:59:53.325 [http-nio-8081-exec-3] Servlet - Incoming Get Request
[INFO ] 2020-02-22 14:59:53.325 [http-nio-8081-exec-3] Servlet - Given action: Redirect
[INFO ] 2020-02-22 14:59:54.052 [http-nio-8081-exec-4] Servlet - Incoming Get Request
[INFO ] 2020-02-22 14:59:54.053 [http-nio-8081-exec-4] Servlet - Given action: Redirect
[INFO ] 2020-02-22 14:59:54.908 [http-nio-8081-exec-5] Servlet - Incoming Get Request
[INFO ] 2020-02-22 14:59:54.908 [http-nio-8081-exec-5] Servlet - Given action: Redirect
[INFO ] 2020-02-22 14:59:55.484 [http-nio-8081-exec-6] Servlet - Incoming Get Request
[INFO ] 2020-02-22 14:59:55.484 [http-nio-8081-exec-6] Servlet - Given action: Redirect
[INFO ] 2020-02-22 14:59:56.108 [http-nio-8081-exec-7] Servlet - Incoming Get Request
[INFO ] 2020-02-22 14:59:56.108 [http-nio-8081-exec-7] Servlet - Given action: Redirect
[INFO ] 2020-02-22 14:59:57.020 [http-nio-8081-exec-8] Servlet - Incoming Get Request
[INFO ] 2020-02-22 14:59:57.020 [http-nio-8081-exec-8] Servlet - Given action: Redirect
[INFO ] 2020-02-22 14:59:58.075 [http-nio-8081-exec-9] Servlet - Incoming Get Request
[INFO ] 2020-02-22 14:59:58.075 [http-nio-8081-exec-9] Servlet - Given action: Redirect
[INFO ] 2020-02-22 14:59:59.100 [http-nio-8081-exec-1] Servlet - Incoming Get Request
[INFO ] 2020-02-22 14:59:59.101 [http-nio-8081-exec-1] Servlet - Given action: Redirect
[INFO ] 2020-02-22 15:00:00.164 [http-nio-8081-exec-3] Servlet - Incoming Get Request
[INFO ] 2020-02-22 15:00:00.165 [http-nio-8081-exec-3] Servlet - Given action: Redirect
[INFO ] 2020-02-22 15:00:01.045 [http-nio-8081-exec-4] Servlet - Incoming Get Request
[INFO ] 2020-02-22 15:00:01.045 [http-nio-8081-exec-4] Servlet - Given action: Redirect
[INFO ] 2020-02-22 15:00:02.813 [http-nio-8081-exec-5] Servlet - Incoming Get Request
[INFO ] 2020-02-22 15:00:02.813 [http-nio-8081-exec-5] Servlet - Given action: Redirect
[INFO ] 2020-02-22 15:00:03.828 [http-nio-8081-exec-7] Servlet - Incoming Get Request
[INFO ] 2020-02-22 15:00:03.828 [http-nio-8081-exec-7] Servlet - Given action: Redirect
[INFO ] 2020-02-22 15:00:06.708 [http-nio-8081-exec-8] Servlet - Incoming Get Request
[INFO ] 2020-02-22 15:00:06.709 [http-nio-8081-exec-8] Servlet - Given action: Redirect
[INFO ] 2020-02-22 15:00:07.444 [http-nio-8081-exec-9] Servlet - Incoming Get Request
[INFO ] 2020-02-22 15:00:07.445 [http-nio-8081-exec-9] Servlet - Given action: Redirect
[INFO ] 2020-02-22 15:00:08.029 [http-nio-8081-exec-10] Servlet - Incoming Get Request
[INFO ] 2020-02-22 15:00:08.029 [http-nio-8081-exec-10] Servlet - Given action: Redirect
[INFO ] 2020-02-22 15:00:08.660 [http-nio-8081-exec-1] Servlet - Incoming Get Request
[INFO ] 2020-02-22 15:00:08.660 [http-nio-8081-exec-1] Servlet - Given action: Redirect
[INFO ] 2020-02-22 15:00:09.892 [http-nio-8081-exec-2] Servlet - Incoming Get Request
[INFO ] 2020-02-22 15:00:09.893 [http-nio-8081-exec-2] Servlet - Given action: Redirect
[INFO ] 2020-02-22 15:00:11.981 [http-nio-8081-exec-3] Servlet - Incoming Get Request
[INFO ] 2020-02-22 15:00:11.981 [http-nio-8081-exec-3] Servlet - Given action: Redirect
[INFO ] 2020-02-22 15:00:13.020 [http-nio-8081-exec-4] Servlet - Incoming Get Request
[INFO ] 2020-02-22 15:00:13.020 [http-nio-8081-exec-4] Servlet - Given action: Redirect
[INFO ] 2020-02-22 15:00:13.604 [http-nio-8081-exec-5] Servlet - Incoming Get Request
[INFO ] 2020-02-22 15:00:13.604 [http-nio-8081-exec-5] Servlet - Given action: Redirect
[INFO ] 2020-02-22 15:00:14.317 [http-nio-8081-exec-6] Servlet - Incoming Get Request
[INFO ] 2020-02-22 15:00:14.317 [http-nio-8081-exec-6] Servlet - Given action: Redirect
[INFO ] 2020-02-22 15:00:14.860 [http-nio-8081-exec-7] Servlet - Incoming Get Request
[INFO ] 2020-02-22 15:00:14.860 [http-nio-8081-exec-7] Servlet - Given action: Redirect
[INFO ] 2020-02-22 15:00:15.884 [http-nio-8081-exec-8] Servlet - Incoming Get Request
[INFO ] 2020-02-22 15:00:15.884 [http-nio-8081-exec-8] Servlet - Given action: Redirect
[INFO ] 2020-02-22 15:00:16.748 [http-nio-8081-exec-10] Servlet - Incoming Get Request
[INFO ] 2020-02-22 15:00:16.748 [http-nio-8081-exec-10] Servlet - Given action: Redirect
[INFO ] 2020-02-22 15:00:17.388 [http-nio-8081-exec-1] Servlet - Incoming Get Request
[INFO ] 2020-02-22 15:00:17.388 [http-nio-8081-exec-1] Servlet - Given action: Redirect
[INFO ] 2020-02-22 15:00:18.404 [http-nio-8081-exec-3] Servlet - Incoming Get Request
[INFO ] 2020-02-22 15:00:18.404 [http-nio-8081-exec-3] Servlet - Given action: Redirect
[INFO ] 2020-02-22 15:00:19.637 [http-nio-8081-exec-4] Servlet - Incoming Get Request
[INFO ] 2020-02-22 15:00:19.637 [http-nio-8081-exec-4] Servlet - Given action: Redirect
[INFO ] 2020-02-22 15:00:47.324 [http-nio-8081-exec-6] Servlet - Incoming Post Request
[INFO ] 2020-02-22 15:00:47.324 [http-nio-8081-exec-6] Servlet - Incoming Get Request
[INFO ] 2020-02-22 15:00:47.325 [http-nio-8081-exec-6] Servlet - Given action: Register
[INFO ] 2020-02-22 15:00:54.548 [http-nio-8081-exec-7] Servlet - Incoming Get Request
[INFO ] 2020-02-22 15:00:54.548 [http-nio-8081-exec-7] Servlet - Given action: Redirect
[INFO ] 2020-02-22 15:00:55.988 [http-nio-8081-exec-9] Servlet - Incoming Get Request
[INFO ] 2020-02-22 15:00:55.988 [http-nio-8081-exec-9] Servlet - Given action: Redirect
[INFO ] 2020-02-22 15:00:56.676 [http-nio-8081-exec-1] Servlet - Incoming Get Request
[INFO ] 2020-02-22 15:00:56.677 [http-nio-8081-exec-1] Servlet - Given action: Redirect
[INFO ] 2020-02-22 15:00:58.277 [http-nio-8081-exec-3] Servlet - Incoming Get Request
[INFO ] 2020-02-22 15:00:58.277 [http-nio-8081-exec-3] Servlet - Given action: Redirect
[INFO ] 2020-02-22 15:01:46.247 [http-nio-8081-exec-3] Servlet - Incoming Get Request
[INFO ] 2020-02-22 15:01:46.259 [http-nio-8081-exec-3] Servlet - Given action: Redirect
[INFO ] 2020-02-22 15:01:46.453 [http-nio-8081-exec-5] Servlet - Incoming Get Request
[INFO ] 2020-02-22 15:01:46.454 [http-nio-8081-exec-5] Servlet - Given action: Redirect
[INFO ] 2020-02-22 15:01:47.476 [http-nio-8081-exec-7] Servlet - Incoming Get Request
[INFO ] 2020-02-22 15:01:47.477 [http-nio-8081-exec-7] Servlet - Given action: Redirect
[INFO ] 2020-02-22 15:01:48.093 [http-nio-8081-exec-8] Servlet - Incoming Get Request
[INFO ] 2020-02-22 15:01:48.093 [http-nio-8081-exec-8] Servlet - Given action: Redirect
[INFO ] 2020-02-22 15:01:49.293 [http-nio-8081-exec-10] Servlet - Incoming Get Request
[INFO ] 2020-02-22 15:01:49.293 [http-nio-8081-exec-10] Servlet - Given action: Redirect
[INFO ] 2020-02-22 15:01:50.005 [http-nio-8081-exec-1] Servlet - Incoming Get Request
[INFO ] 2020-02-22 15:01:50.005 [http-nio-8081-exec-1] Servlet - Given action: Redirect
[INFO ] 2020-02-22 15:01:51.365 [http-nio-8081-exec-3] Servlet - Incoming Get Request
[INFO ] 2020-02-22 15:01:51.365 [http-nio-8081-exec-3] Servlet - Given action: Redirect
[INFO ] 2020-02-22 15:01:52.093 [http-nio-8081-exec-4] Servlet - Incoming Get Request
[INFO ] 2020-02-22 15:01:52.093 [http-nio-8081-exec-4] Servlet - Given action: Redirect
[INFO ] 2020-02-22 15:01:52.788 [http-nio-8081-exec-5] Servlet - Incoming Get Request
[INFO ] 2020-02-22 15:01:52.789 [http-nio-8081-exec-5] Servlet - Given action: Redirect
[INFO ] 2020-02-22 15:01:54.125 [http-nio-8081-exec-6] Servlet - Incoming Get Request
[INFO ] 2020-02-22 15:01:54.125 [http-nio-8081-exec-6] Servlet - Given action: Redirect
[INFO ] 2020-02-22 15:01:55.164 [http-nio-8081-exec-8] Servlet - Incoming Get Request
[INFO ] 2020-02-22 15:01:55.164 [http-nio-8081-exec-8] Servlet - Given action: Redirect
[INFO ] 2020-02-22 15:04:12.245 [http-nio-8081-exec-3] Servlet - Incoming Get Request
[INFO ] 2020-02-22 15:04:12.262 [http-nio-8081-exec-3] Servlet - Given action: Redirect
[INFO ] 2020-02-22 15:04:32.870 [http-nio-8081-exec-6] Servlet - Incoming Get Request
[INFO ] 2020-02-22 15:04:32.871 [http-nio-8081-exec-6] Servlet - Given action: Redirect
[INFO ] 2020-02-22 15:04:56.062 [http-nio-8081-exec-9] Servlet - Incoming Get Request
[INFO ] 2020-02-22 15:04:56.062 [http-nio-8081-exec-9] Servlet - Given action: Redirect
[INFO ] 2020-02-22 15:05:08.750 [http-nio-8081-exec-10] Servlet - Incoming Get Request
[INFO ] 2020-02-22 15:05:08.750 [http-nio-8081-exec-10] Servlet - Given action: Redirect
[INFO ] 2020-02-22 15:05:58.240 [http-nio-8081-exec-3] Servlet - Incoming Get Request
[INFO ] 2020-02-22 15:05:58.257 [http-nio-8081-exec-3] Servlet - Given action: Redirect
[INFO ] 2020-02-22 15:06:16.101 [http-nio-8081-exec-7] Servlet - Incoming Get Request
[INFO ] 2020-02-22 15:06:16.102 [http-nio-8081-exec-7] Servlet - Given action: Redirect
[INFO ] 2020-02-22 15:06:28.013 [http-nio-8081-exec-9] Servlet - Incoming Get Request
[INFO ] 2020-02-22 15:06:28.013 [http-nio-8081-exec-9] Servlet - Given action: Redirect
[INFO ] 2020-02-22 15:06:44.749 [http-nio-8081-exec-1] Servlet - Incoming Get Request
[INFO ] 2020-02-22 15:06:44.749 [http-nio-8081-exec-1] Servlet - Given action: Redirect
[INFO ] 2020-02-22 15:06:54.189 [http-nio-8081-exec-2] Servlet - Incoming Get Request
[INFO ] 2020-02-22 15:06:54.189 [http-nio-8081-exec-2] Servlet - Given action: Redirect
[INFO ] 2020-02-22 15:07:06.357 [http-nio-8081-exec-3] Servlet - Incoming Get Request
[INFO ] 2020-02-22 15:07:06.357 [http-nio-8081-exec-3] Servlet - Given action: Redirect
[INFO ] 2020-02-22 15:07:18.957 [http-nio-8081-exec-5] Servlet - Incoming Get Request
[INFO ] 2020-02-22 15:07:18.957 [http-nio-8081-exec-5] Servlet - Given action: Redirect
[INFO ] 2020-02-22 15:07:25.349 [http-nio-8081-exec-6] Servlet - Incoming Get Request
[INFO ] 2020-02-22 15:07:25.349 [http-nio-8081-exec-6] Servlet - Given action: Redirect
[INFO ] 2020-02-22 15:07:32.581 [http-nio-8081-exec-8] Servlet - Incoming Get Request
[INFO ] 2020-02-22 15:07:32.581 [http-nio-8081-exec-8] Servlet - Given action: Redirect
[INFO ] 2020-02-22 15:07:38.885 [http-nio-8081-exec-9] Servlet - Incoming Get Request
[INFO ] 2020-02-22 15:07:38.885 [http-nio-8081-exec-9] Servlet - Given action: Redirect
[INFO ] 2020-02-22 15:07:44.005 [http-nio-8081-exec-10] Servlet - Incoming Get Request
[INFO ] 2020-02-22 15:07:44.005 [http-nio-8081-exec-10] Servlet - Given action: Redirect
[INFO ] 2020-02-22 15:07:52.789 [http-nio-8081-exec-2] Servlet - Incoming Get Request
[INFO ] 2020-02-22 15:07:52.789 [http-nio-8081-exec-2] Servlet - Given action: Redirect
[INFO ] 2020-02-22 15:07:58.276 [http-nio-8081-exec-4] Servlet - Incoming Get Request
[INFO ] 2020-02-22 15:07:58.276 [http-nio-8081-exec-4] Servlet - Given action: Redirect
[INFO ] 2020-02-22 15:08:04.396 [http-nio-8081-exec-5] Servlet - Incoming Get Request
[INFO ] 2020-02-22 15:08:04.396 [http-nio-8081-exec-5] Servlet - Given action: Redirect
[INFO ] 2020-02-22 15:08:10.300 [http-nio-8081-exec-6] Servlet - Incoming Get Request
[INFO ] 2020-02-22 15:08:10.300 [http-nio-8081-exec-6] Servlet - Given action: Redirect
[INFO ] 2020-02-22 15:08:15.181 [http-nio-8081-exec-7] Servlet - Incoming Get Request
[INFO ] 2020-02-22 15:08:15.181 [http-nio-8081-exec-7] Servlet - Given action: Redirect
[INFO ] 2020-02-22 15:08:23.301 [http-nio-8081-exec-8] Servlet - Incoming Get Request
[INFO ] 2020-02-22 15:08:23.301 [http-nio-8081-exec-8] Servlet - Given action: Redirect
[INFO ] 2020-02-22 15:08:32.341 [http-nio-8081-exec-9] Servlet - Incoming Get Request
[INFO ] 2020-02-22 15:08:32.341 [http-nio-8081-exec-9] Servlet - Given action: Redirect
[INFO ] 2020-02-22 15:08:50.197 [http-nio-8081-exec-10] Servlet - Incoming Post Request
[INFO ] 2020-02-22 15:08:50.197 [http-nio-8081-exec-10] Servlet - Incoming Get Request
[INFO ] 2020-02-22 15:08:50.197 [http-nio-8081-exec-10] Servlet - Given action: Register
[INFO ] 2020-02-22 15:09:04.181 [http-nio-8081-exec-1] Servlet - Incoming Get Request
[INFO ] 2020-02-22 15:09:04.181 [http-nio-8081-exec-1] Servlet - Given action: Redirect
[INFO ] 2020-02-22 15:09:12.180 [http-nio-8081-exec-2] Servlet - Incoming Get Request
[INFO ] 2020-02-22 15:09:12.181 [http-nio-8081-exec-2] Servlet - Given action: Redirect
[INFO ] 2020-02-22 15:10:34.361 [http-nio-8081-exec-3] Servlet - Incoming Get Request
[INFO ] 2020-02-22 15:10:34.373 [http-nio-8081-exec-3] Servlet - Given action: Redirect
[INFO ] 2020-02-22 15:10:36.093 [http-nio-8081-exec-4] Servlet - Incoming Get Request
[INFO ] 2020-02-22 15:10:36.093 [http-nio-8081-exec-4] Servlet - Given action: Redirect
[INFO ] 2020-02-22 15:10:37.548 [http-nio-8081-exec-6] Servlet - Incoming Get Request
[INFO ] 2020-02-22 15:10:37.549 [http-nio-8081-exec-6] Servlet - Given action: Redirect
[INFO ] 2020-02-22 15:10:38.661 [http-nio-8081-exec-8] Servlet - Incoming Get Request
[INFO ] 2020-02-22 15:10:38.662 [http-nio-8081-exec-8] Servlet - Given action: Redirect
[INFO ] 2020-02-22 15:10:40.253 [http-nio-8081-exec-10] Servlet - Incoming Get Request
[INFO ] 2020-02-22 15:10:40.253 [http-nio-8081-exec-10] Servlet - Given action: Redirect
[INFO ] 2020-02-22 15:10:41.637 [http-nio-8081-exec-1] Servlet - Incoming Get Request
[INFO ] 2020-02-22 15:10:41.638 [http-nio-8081-exec-1] Servlet - Given action: Redirect
[INFO ] 2020-02-22 15:10:42.741 [http-nio-8081-exec-4] Servlet - Incoming Get Request
[INFO ] 2020-02-22 15:10:42.742 [http-nio-8081-exec-4] Servlet - Given action: Redirect
[INFO ] 2020-02-23 08:23:32.503 [http-nio-8081-exec-4] Servlet - Incoming Get Request
[INFO ] 2020-02-23 08:23:32.513 [http-nio-8081-exec-4] Servlet - Given action: Redirect
[INFO ] 2020-02-23 08:24:45.949 [http-nio-8081-exec-3] Servlet - Incoming Get Request
[INFO ] 2020-02-23 08:24:45.961 [http-nio-8081-exec-3] Servlet - Given action: Redirect
[INFO ] 2020-02-23 08:26:34.933 [http-nio-8081-exec-4] Servlet - Incoming Get Request
[INFO ] 2020-02-23 08:26:34.943 [http-nio-8081-exec-4] Servlet - Given action: Redirect
[INFO ] 2020-02-23 08:26:42.006 [http-nio-8081-exec-7] Servlet - Incoming Get Request
[INFO ] 2020-02-23 08:26:42.007 [http-nio-8081-exec-7] Servlet - Given action: Redirect
[INFO ] 2020-02-23 08:28:51.647 [http-nio-8081-exec-3] Servlet - Incoming Get Request
[INFO ] 2020-02-23 08:28:51.658 [http-nio-8081-exec-3] Servlet - Given action: Redirect
[INFO ] 2020-02-23 08:32:53.890 [http-nio-8081-exec-4] Servlet - Incoming Get Request
[INFO ] 2020-02-23 08:32:53.902 [http-nio-8081-exec-4] Servlet - Given action: Redirect
[INFO ] 2020-02-23 08:34:21.785 [http-nio-8081-exec-3] Servlet - Incoming Get Request
[INFO ] 2020-02-23 08:34:21.798 [http-nio-8081-exec-3] Servlet - Given action: Redirect
[INFO ] 2020-02-23 08:53:55.901 [http-nio-8081-exec-4] Servlet - Incoming Get Request
[INFO ] 2020-02-23 08:53:55.901 [http-nio-8081-exec-4] Servlet - Given action: Redirect
[INFO ] 2020-02-23 08:54:11.099 [http-nio-8081-exec-3] Servlet - Incoming Get Request
[INFO ] 2020-02-23 08:54:11.111 [http-nio-8081-exec-3] Servlet - Given action: Redirect
[INFO ] 2020-02-23 08:58:48.985 [http-nio-8081-exec-3] Servlet - Incoming Get Request
[INFO ] 2020-02-23 08:58:49.000 [http-nio-8081-exec-3] Servlet - Given action: Redirect
[INFO ] 2020-02-23 08:58:50.427 [http-nio-8081-exec-5] Servlet - Incoming Get Request
[INFO ] 2020-02-23 08:58:50.428 [http-nio-8081-exec-5] Servlet - Given action: Redirect
[INFO ] 2020-02-23 08:58:52.851 [http-nio-8081-exec-7] Servlet - Incoming Get Request
[INFO ] 2020-02-23 08:58:52.852 [http-nio-8081-exec-7] Servlet - Given action: Redirect
[INFO ] 2020-02-23 08:58:54.373 [http-nio-8081-exec-9] Servlet - Incoming Get Request
[INFO ] 2020-02-23 08:58:54.373 [http-nio-8081-exec-9] Servlet - Given action: Redirect
[INFO ] 2020-02-23 08:58:55.211 [http-nio-8081-exec-2] Servlet - Incoming Get Request
[INFO ] 2020-02-23 08:58:55.211 [http-nio-8081-exec-2] Servlet - Given action: Redirect
[INFO ] 2020-02-23 08:59:18.541 [http-nio-8081-exec-2] Servlet - Incoming Get Request
[INFO ] 2020-02-23 08:59:18.554 [http-nio-8081-exec-2] Servlet - Given action: Redirect
[INFO ] 2020-02-23 09:15:34.836 [http-nio-8081-exec-3] Servlet - Incoming Get Request
[INFO ] 2020-02-23 09:15:34.837 [http-nio-8081-exec-3] Servlet - Given action: Redirect
[INFO ] 2020-02-23 09:15:59.257 [http-nio-8081-exec-3] Servlet - Incoming Get Request
[INFO ] 2020-02-23 09:15:59.273 [http-nio-8081-exec-3] Servlet - Given action: Redirect
[INFO ] 2020-02-23 09:56:08.608 [http-nio-8081-exec-6] Servlet - Incoming Get Request
[INFO ] 2020-02-23 09:56:08.609 [http-nio-8081-exec-6] Servlet - Given action: Redirect
[INFO ] 2020-02-23 09:56:39.660 [http-nio-8081-exec-3] Servlet - Incoming Get Request
[INFO ] 2020-02-23 09:56:39.673 [http-nio-8081-exec-3] Servlet - Given action: Redirect
[INFO ] 2020-02-23 10:09:33.469 [http-nio-8081-exec-3] Servlet - Incoming Get Request
[INFO ] 2020-02-23 10:09:33.480 [http-nio-8081-exec-3] Servlet - Given action: Redirect
[INFO ] 2020-02-23 10:16:34.365 [http-nio-8081-exec-2] Servlet - Incoming Get Request
[INFO ] 2020-02-23 10:16:34.376 [http-nio-8081-exec-2] Servlet - Given action: Redirect
[INFO ] 2020-02-23 10:16:39.584 [http-nio-8081-exec-4] Servlet - Incoming Get Request
[INFO ] 2020-02-23 10:16:39.585 [http-nio-8081-exec-4] Servlet - Given action: Redirect
[INFO ] 2020-02-23 10:16:41.086 [http-nio-8081-exec-6] Servlet - Incoming Get Request
[INFO ] 2020-02-23 10:16:41.087 [http-nio-8081-exec-6] Servlet - Given action: Redirect
[INFO ] 2020-02-23 10:16:42.503 [http-nio-8081-exec-8] Servlet - Incoming Get Request
[INFO ] 2020-02-23 10:16:42.503 [http-nio-8081-exec-8] Servlet - Given action: Redirect
[INFO ] 2020-02-23 10:21:30.638 [http-nio-8081-exec-3] Servlet - Incoming Get Request
[INFO ] 2020-02-23 10:21:30.649 [http-nio-8081-exec-3] Servlet - Given action: Redirect
[INFO ] 2020-02-23 10:26:14.493 [http-nio-8081-exec-2] Servlet - Incoming Get Request
[INFO ] 2020-02-23 10:26:14.505 [http-nio-8081-exec-2] Servlet - Given action: Redirect
